Using pre-set license
Built from '2020.3/staging' branch; Version is '2020.3.13f1 (71691879b7f5) revision 7432472'; Using compiler version '192528614'; Build Type 'Release'
OS: 'Windows 10 Pro; OS build 19042.1237; Version 2009; 64bit' Language: 'ru' Physical Memory: 16332 MB
BatchMode: 1, IsHumanControllingUs: 0, StartBugReporterOnCrash: 0, Is64bit: 1, IsPro: 0

 COMMAND LINE ARGUMENTS:
E:\UnityHub\2020.3.13f1\Editor\Unity.exe
-adb2
-batchMode
-noUpm
-name
AssetImportWorker0
-projectPath
E:/projectfolder/uSRP
-logFile
Logs/AssetImportWorker0.log
-srvPort
54001
Successfully changed project path to: E:/projectfolder/uSRP
E:/projectfolder/uSRP
Using Asset Import Pipeline V2.
Refreshing native plugins compatible for Editor in 57.74 ms, found 2 plugins.
Preloading 0 native plugins for Editor in 0.00 ms.
Initialize engine version: 2020.3.13f1 (71691879b7f5)
[Subsystems] Discovering subsystems at path E:/UnityHub/2020.3.13f1/Editor/Data/Resources/UnitySubsystems
[Subsystems] Discovering subsystems at path E:/projectfolder/uSRP/Assets
GfxDevice: creating device client; threaded=0
Direct3D:
    Version:  Direct3D 11.0 [level 11.1]
    Renderer: NVIDIA GeForce GTX 1050 Ti (ID=0x1c82)
    Vendor:   
    VRAM:     4018 MB
    Driver:   27.21.14.6192
Initialize mono
Mono path[0] = 'E:/UnityHub/2020.3.13f1/Editor/Data/Managed'
Mono path[1] = 'E:/UnityHub/2020.3.13f1/Editor/Data/MonoBleedingEdge/lib/mono/unityjit'
Mono config path = 'E:/UnityHub/2020.3.13f1/Editor/Data/MonoBleedingEdge/etc'
Using monoOptions --debugger-agent=transport=dt_socket,embedding=1,server=y,suspend=n,address=127.0.0.1:56324
Begin MonoManager ReloadAssembly
Registering precompiled unity dll's ...
Register platform support module: E:/UnityHub/2020.3.13f1/Editor/Data/PlaybackEngines/WebGLSupport/UnityEditor.WebGL.Extensions.dll
Register platform support module: E:/UnityHub/2020.3.13f1/Editor/Data/PlaybackEngines/WindowsStandaloneSupport/UnityEditor.WindowsStandalone.Extensions.dll
Registered in 0.003573 seconds.
Native extension for WindowsStandalone target not found
Native extension for WebGL target not found
Refreshing native plugins compatible for Editor in 56.98 ms, found 2 plugins.
Preloading 0 native plugins for Editor in 0.00 ms.
Mono: successfully reloaded assembly
- Completed reload, in  2.000 seconds
Platform modules already initialized, skipping
Registering precompiled user dll's ...
Registered in 0.004783 seconds.
Begin MonoManager ReloadAssembly
Native extension for WindowsStandalone target not found
Native extension for WebGL target not found
Refreshing native plugins compatible for Editor in 0.54 ms, found 2 plugins.
Preloading 0 native plugins for Editor in 0.00 ms.
Mono: successfully reloaded assembly
- Completed reload, in  2.200 seconds
Platform modules already initialized, skipping
========================================================================
Worker process is ready to serve import requests
Launched and connected shader compiler UnityShaderCompiler.exe after 0.06 seconds
Refreshing native plugins compatible for Editor in 0.52 ms, found 2 plugins.
Preloading 0 native plugins for Editor in 0.00 ms.
Unloading 1390 Unused Serialized files (Serialized files now loaded: 0)
System memory in use before: 64.8 MB.
System memory in use after: 64.8 MB.

Unloading 19 unused Assets to reduce memory usage. Loaded Objects now: 1823.
Total: 3.346700 ms (FindLiveObjects: 0.306000 ms CreateObjectMapping: 0.097600 ms MarkObjects: 2.787700 ms  DeleteObjects: 0.151600 ms)

AssetImportParameters requested are different than current active one (requested -> active):
  custom:framework-win-MediaFoundation: 216162199b28c13a410421893ffa2e32 -> 
  custom:video-decoder-ogg-theora: a1e56fd34408186e4bbccfd4996cb3dc -> 
  custom:container-muxer-webm: aa71ff27fc2769a1b78a27578f13a17b -> 
  custom:container-demuxer-webm: 4f35f7cbe854078d1ac9338744f61a02 -> 
  custom:container-demuxer-ogg: 62fdf1f143b41e24485cea50d1cbac27 -> 
  custom:video-encoder-webm-vp8: eb34c28f22e8b96e1ab97ce403110664 -> 
  custom:video-decoder-webm-vp8: 9c59270c3fd7afecdb556c50c9e8de78 -> 
  custom:audio-decoder-ogg-vorbis: bf7c407c2cedff20999df2af8eb42d56 -> 
  custom:audio-encoder-webm-vorbis: bf7c407c2cedff20999df2af8eb42d56 -> 
========================================================================
Received Import Request.
  path: Assets
  artifactKey: Guid(00000000000000001000000000000000) Importer(815301076,1909f56bfc062723c751e8b465ee728b)
Start importing Assets using Guid(00000000000000001000000000000000) Importer(815301076,1909f56bfc062723c751e8b465ee728b)  -> (artifact id: '42d402b061de3733987d63b9cc3b64de') in 0.005575 seconds 
  Import took 0.009236 seconds .

========================================================================
Received Import Request.
  Time since last request: 1.129057 seconds.
  path: Assets/Material
  artifactKey: Guid(5f38da294128b1f41abcd68f37f6e56a) Importer(815301076,1909f56bfc062723c751e8b465ee728b)
Start importing Assets/Material using Guid(5f38da294128b1f41abcd68f37f6e56a) Importer(815301076,1909f56bfc062723c751e8b465ee728b)  -> (artifact id: '4bb5523e9abe659515f0de6e9f5e7e97') in 0.002059 seconds 
  Import took 0.006990 seconds .

========================================================================
Received Import Request.
  Time since last request: 0.000989 seconds.
  path: Assets/Material
  artifactKey: Guid(5f38da294128b1f41abcd68f37f6e56a) Importer(815301076,1909f56bfc062723c751e8b465ee728b)
Start importing Assets/Material using Guid(5f38da294128b1f41abcd68f37f6e56a) Importer(815301076,1909f56bfc062723c751e8b465ee728b)  -> (artifact id: '4bb5523e9abe659515f0de6e9f5e7e97') in 0.001816 seconds 
  Import took 0.006332 seconds .

========================================================================
Received Import Request.
  Time since last request: 7.419723 seconds.
  path: Assets/Material/New Material.mat
  artifactKey: Guid(ce5296c3135712a479f30638e63b9953) Importer(815301076,1909f56bfc062723c751e8b465ee728b)
Start importing Assets/Material/New Material.mat using Guid(ce5296c3135712a479f30638e63b9953) Importer(815301076,1909f56bfc062723c751e8b465ee728b)  -> (artifact id: '8548b2857422da2e88ab4546249eff12') in 0.222990 seconds 
  Import took 0.227158 seconds .

========================================================================
Received Import Request.
  Time since last request: 13.937239 seconds.
  path: Assets/Material/New Material 1.mat
  artifactKey: Guid(378947705c60f27498fe65f3e81cefb3) Importer(815301076,1909f56bfc062723c751e8b465ee728b)
Start importing Assets/Material/New Material 1.mat using Guid(378947705c60f27498fe65f3e81cefb3) Importer(815301076,1909f56bfc062723c751e8b465ee728b)  -> (artifact id: '1e761153d01c53b2d6d6992a49266c7e') in 0.011301 seconds 
  Import took 0.015796 seconds .

========================================================================
Received Import Request.
  Time since last request: 16.721197 seconds.
  path: Assets/Material/brown.mat
  artifactKey: Guid(378947705c60f27498fe65f3e81cefb3) Importer(815301076,1909f56bfc062723c751e8b465ee728b)
Start importing Assets/Material/brown.mat using Guid(378947705c60f27498fe65f3e81cefb3) Importer(815301076,1909f56bfc062723c751e8b465ee728b)  -> (artifact id: '99f9c2d93ea35c242c2b7f1c87b212e5') in 0.011628 seconds 
  Import took 0.016734 seconds .

========================================================================
Received Import Request.
  Time since last request: 5.066829 seconds.
  path: Assets/Material/red.mat
  artifactKey: Guid(ce5296c3135712a479f30638e63b9953) Importer(815301076,1909f56bfc062723c751e8b465ee728b)
Start importing Assets/Material/red.mat using Guid(ce5296c3135712a479f30638e63b9953) Importer(815301076,1909f56bfc062723c751e8b465ee728b)  -> (artifact id: 'ab4b841f0d58024f092df34d59d86af8') in 0.010815 seconds 
  Import took 0.015711 seconds .

========================================================================
Received Import Request.
  Time since last request: 1879.621002 seconds.
  path: Assets/SRP
  artifactKey: Guid(83736d632b1ab594393e26470dccf8b9) Importer(815301076,1909f56bfc062723c751e8b465ee728b)
Start importing Assets/SRP using Guid(83736d632b1ab594393e26470dccf8b9) Importer(815301076,1909f56bfc062723c751e8b465ee728b)  -> (artifact id: 'ab61805a37cb28a1fe7e077e7dae1d5d') in 0.001723 seconds 
  Import took 0.006271 seconds .

========================================================================
Received Import Request.
  Time since last request: 0.000565 seconds.
  path: Assets/SRP
  artifactKey: Guid(83736d632b1ab594393e26470dccf8b9) Importer(815301076,1909f56bfc062723c751e8b465ee728b)
Start importing Assets/SRP using Guid(83736d632b1ab594393e26470dccf8b9) Importer(815301076,1909f56bfc062723c751e8b465ee728b)  -> (artifact id: 'ab61805a37cb28a1fe7e077e7dae1d5d') in 0.002119 seconds 
  Import took 0.006724 seconds .

========================================================================
Received Prepare
Registering precompiled user dll's ...
Registered in 0.006026 seconds.
Begin MonoManager ReloadAssembly
Native extension for WindowsStandalone target not found
Native extension for WebGL target not found
Refreshing native plugins compatible for Editor in 51.60 ms, found 2 plugins.
Preloading 0 native plugins for Editor in 0.00 ms.
Mono: successfully reloaded assembly
- Completed reload, in  1.990 seconds
Platform modules already initialized, skipping
Refreshing native plugins compatible for Editor in 0.81 ms, found 2 plugins.
Preloading 0 native plugins for Editor in 0.00 ms.
Unloading 1557 Unused Serialized files (Serialized files now loaded: 0)
System memory in use before: 73.8 MB.
System memory in use after: 73.7 MB.

Unloading 18 unused Assets to reduce memory usage. Loaded Objects now: 2034.
Total: 3.630100 ms (FindLiveObjects: 0.341700 ms CreateObjectMapping: 0.115100 ms MarkObjects: 2.955000 ms  DeleteObjects: 0.216600 ms)

AssetImportParameters requested are different than current active one (requested -> active):
  custom:framework-win-MediaFoundation: 216162199b28c13a410421893ffa2e32 -> 
  custom:video-decoder-ogg-theora: a1e56fd34408186e4bbccfd4996cb3dc -> 
  custom:container-muxer-webm: aa71ff27fc2769a1b78a27578f13a17b -> 
  custom:container-demuxer-webm: 4f35f7cbe854078d1ac9338744f61a02 -> 
  custom:container-demuxer-ogg: 62fdf1f143b41e24485cea50d1cbac27 -> 
  custom:video-encoder-webm-vp8: eb34c28f22e8b96e1ab97ce403110664 -> 
  custom:video-decoder-webm-vp8: 9c59270c3fd7afecdb556c50c9e8de78 -> 
  custom:audio-decoder-ogg-vorbis: bf7c407c2cedff20999df2af8eb42d56 -> 
  custom:audio-encoder-webm-vorbis: bf7c407c2cedff20999df2af8eb42d56 -> 
========================================================================
Received Import Request.
  Time since last request: 121.102757 seconds.
  path: Assets/SRP/SpaceRunPipelineRender.cs
  artifactKey: Guid(a9ff456f6273a8349a3194e1732cd143) Importer(815301076,1909f56bfc062723c751e8b465ee728b)
Start importing Assets/SRP/SpaceRunPipelineRender.cs using Guid(a9ff456f6273a8349a3194e1732cd143) Importer(815301076,1909f56bfc062723c751e8b465ee728b)  -> (artifact id: '7727e3ad817a0f56c7f1a5f0795459a8') in 0.011867 seconds 
  Import took 0.016477 seconds .

========================================================================
Received Prepare
Registering precompiled user dll's ...
Registered in 0.007215 seconds.
Begin MonoManager ReloadAssembly
Native extension for WindowsStandalone target not found
Native extension for WebGL target not found
Refreshing native plugins compatible for Editor in 0.66 ms, found 2 plugins.
Preloading 0 native plugins for Editor in 0.00 ms.
Mono: successfully reloaded assembly
- Completed reload, in  2.162 seconds
Platform modules already initialized, skipping
Refreshing native plugins compatible for Editor in 0.62 ms, found 2 plugins.
Preloading 0 native plugins for Editor in 0.00 ms.
Unloading 1558 Unused Serialized files (Serialized files now loaded: 0)
System memory in use before: 73.9 MB.
System memory in use after: 73.8 MB.

Unloading 18 unused Assets to reduce memory usage. Loaded Objects now: 2038.
Total: 3.584800 ms (FindLiveObjects: 0.316900 ms CreateObjectMapping: 0.107600 ms MarkObjects: 2.952200 ms  DeleteObjects: 0.206400 ms)

AssetImportParameters requested are different than current active one (requested -> active):
  custom:framework-win-MediaFoundation: 216162199b28c13a410421893ffa2e32 -> 
  custom:video-decoder-ogg-theora: a1e56fd34408186e4bbccfd4996cb3dc -> 
  custom:container-muxer-webm: aa71ff27fc2769a1b78a27578f13a17b -> 
  custom:container-demuxer-webm: 4f35f7cbe854078d1ac9338744f61a02 -> 
  custom:container-demuxer-ogg: 62fdf1f143b41e24485cea50d1cbac27 -> 
  custom:video-encoder-webm-vp8: eb34c28f22e8b96e1ab97ce403110664 -> 
  custom:video-decoder-webm-vp8: 9c59270c3fd7afecdb556c50c9e8de78 -> 
  custom:audio-decoder-ogg-vorbis: bf7c407c2cedff20999df2af8eb42d56 -> 
  custom:audio-encoder-webm-vorbis: bf7c407c2cedff20999df2af8eb42d56 -> 
========================================================================
Received Import Request.
  Time since last request: 9.414683 seconds.
  path: Assets/SRP/SpaceRunPipelineRenderAsset.cs
  artifactKey: Guid(4374dfdb6b065d54c995e1e222cb10ff) Importer(815301076,1909f56bfc062723c751e8b465ee728b)
Start importing Assets/SRP/SpaceRunPipelineRenderAsset.cs using Guid(4374dfdb6b065d54c995e1e222cb10ff) Importer(815301076,1909f56bfc062723c751e8b465ee728b)  -> (artifact id: '36bdc2913c977b10927920641435d2e7') in 0.006806 seconds 
  Import took 0.011921 seconds .

========================================================================
Received Prepare
Registering precompiled user dll's ...
Registered in 0.007704 seconds.
Begin MonoManager ReloadAssembly
Native extension for WindowsStandalone target not found
Native extension for WebGL target not found
Refreshing native plugins compatible for Editor in 0.79 ms, found 2 plugins.
Preloading 0 native plugins for Editor in 0.00 ms.
Mono: successfully reloaded assembly
- Completed reload, in  2.240 seconds
Platform modules already initialized, skipping
Refreshing native plugins compatible for Editor in 1.07 ms, found 2 plugins.
Preloading 0 native plugins for Editor in 0.00 ms.
Unloading 1559 Unused Serialized files (Serialized files now loaded: 0)
System memory in use before: 73.9 MB.
System memory in use after: 73.8 MB.

Unloading 18 unused Assets to reduce memory usage. Loaded Objects now: 2042.
Total: 3.901200 ms (FindLiveObjects: 0.434400 ms CreateObjectMapping: 0.117300 ms MarkObjects: 3.128000 ms  DeleteObjects: 0.219700 ms)

AssetImportParameters requested are different than current active one (requested -> active):
  custom:framework-win-MediaFoundation: 216162199b28c13a410421893ffa2e32 -> 
  custom:video-decoder-ogg-theora: a1e56fd34408186e4bbccfd4996cb3dc -> 
  custom:container-muxer-webm: aa71ff27fc2769a1b78a27578f13a17b -> 
  custom:container-demuxer-webm: 4f35f7cbe854078d1ac9338744f61a02 -> 
  custom:container-demuxer-ogg: 62fdf1f143b41e24485cea50d1cbac27 -> 
  custom:video-encoder-webm-vp8: eb34c28f22e8b96e1ab97ce403110664 -> 
  custom:video-decoder-webm-vp8: 9c59270c3fd7afecdb556c50c9e8de78 -> 
  custom:audio-decoder-ogg-vorbis: bf7c407c2cedff20999df2af8eb42d56 -> 
  custom:audio-encoder-webm-vorbis: bf7c407c2cedff20999df2af8eb42d56 -> 
========================================================================
Received Prepare
Registering precompiled user dll's ...
Registered in 0.007113 seconds.
Begin MonoManager ReloadAssembly
Native extension for WindowsStandalone target not found
Native extension for WebGL target not found
Refreshing native plugins compatible for Editor in 0.60 ms, found 2 plugins.
Preloading 0 native plugins for Editor in 0.00 ms.
Mono: successfully reloaded assembly
- Completed reload, in  2.284 seconds
Platform modules already initialized, skipping
Refreshing native plugins compatible for Editor in 0.58 ms, found 2 plugins.
Preloading 0 native plugins for Editor in 0.00 ms.
Unloading 1559 Unused Serialized files (Serialized files now loaded: 0)
System memory in use before: 73.9 MB.
System memory in use after: 73.9 MB.

Unloading 18 unused Assets to reduce memory usage. Loaded Objects now: 2045.
Total: 3.546300 ms (FindLiveObjects: 0.334800 ms CreateObjectMapping: 0.110700 ms MarkObjects: 2.882600 ms  DeleteObjects: 0.216600 ms)

AssetImportParameters requested are different than current active one (requested -> active):
  custom:framework-win-MediaFoundation: 216162199b28c13a410421893ffa2e32 -> 
  custom:video-decoder-ogg-theora: a1e56fd34408186e4bbccfd4996cb3dc -> 
  custom:container-muxer-webm: aa71ff27fc2769a1b78a27578f13a17b -> 
  custom:container-demuxer-webm: 4f35f7cbe854078d1ac9338744f61a02 -> 
  custom:container-demuxer-ogg: 62fdf1f143b41e24485cea50d1cbac27 -> 
  custom:video-encoder-webm-vp8: eb34c28f22e8b96e1ab97ce403110664 -> 
  custom:video-decoder-webm-vp8: 9c59270c3fd7afecdb556c50c9e8de78 -> 
  custom:audio-decoder-ogg-vorbis: bf7c407c2cedff20999df2af8eb42d56 -> 
  custom:audio-encoder-webm-vorbis: bf7c407c2cedff20999df2af8eb42d56 -> 
AssetImportWorkerClient::OnTransportError - code=2 error=End of file
